\BOOKMARK [-1][-]{part.1}{I Logic [Empty]}{}% 1
\BOOKMARK [0][-]{chapter.1}{Proofs}{part.1}% 2
\BOOKMARK [-1][-]{part.2}{II Numbers [Empty]}{}% 3
\BOOKMARK [0][-]{chapter.2}{Natural N }{part.2}% 4
\BOOKMARK [0][-]{chapter.3}{Integers Z }{part.2}% 5
\BOOKMARK [0][-]{chapter.4}{Rationals Q }{part.2}% 6
\BOOKMARK [0][-]{chapter.5}{Constructible}{part.2}% 7
\BOOKMARK [0][-]{chapter.6}{Algebraic A }{part.2}% 8
\BOOKMARK [0][-]{chapter.7}{Reals R }{part.2}% 9
\BOOKMARK [0][-]{chapter.8}{Complex C }{part.2}% 10
\BOOKMARK [-1][-]{part.3}{III Real Analysis [Empty]}{}% 11
\BOOKMARK [0][-]{chapter.9}{Sequences}{part.3}% 12
\BOOKMARK [1][-]{section.9.1}{Limits}{chapter.9}% 13
\BOOKMARK [2][-]{subsection.9.1.1}{Limit Theorems}{section.9.1}% 14
\BOOKMARK [1][-]{section.9.2}{Monotone and Cauchy Sequences}{chapter.9}% 15
\BOOKMARK [1][-]{section.9.3}{Subsequences}{chapter.9}% 16
\BOOKMARK [1][-]{section.9.4}{limsup and liminf}{chapter.9}% 17
\BOOKMARK [1][-]{section.9.5}{Series}{chapter.9}% 18
\BOOKMARK [1][-]{section.9.6}{Alternating Series and Integral Tests}{chapter.9}% 19
\BOOKMARK [0][-]{chapter.10}{Continuity}{part.3}% 20
\BOOKMARK [1][-]{section.10.1}{Continuous Functions}{chapter.10}% 21
\BOOKMARK [2][-]{subsection.10.1.1}{Properties}{section.10.1}% 22
\BOOKMARK [1][-]{section.10.2}{Uniform Continuity}{chapter.10}% 23
\BOOKMARK [1][-]{section.10.3}{Limits of Functions}{chapter.10}% 24
\BOOKMARK [0][-]{chapter.11}{Metric Spaces}{part.3}% 25
\BOOKMARK [-1][-]{part.4}{IV Complex Analysis}{}% 26
\BOOKMARK [0][-]{chapter.12}{Basics}{part.4}% 27
\BOOKMARK [1][-]{section.12.1}{Complex Numbers}{chapter.12}% 28
\BOOKMARK [1][-]{section.12.2}{Triangle Inequality}{chapter.12}% 29
\BOOKMARK [1][-]{section.12.3}{Polar and Exponential Form}{chapter.12}% 30
\BOOKMARK [2][-]{subsection.12.3.1}{Properties of Polar and Exponential Form}{section.12.3}% 31
\BOOKMARK [2][-]{subsection.12.3.2}{Properties of Arguments}{section.12.3}% 32
\BOOKMARK [1][-]{section.12.4}{Roots of z}{chapter.12}% 33
\BOOKMARK [1][-]{section.12.5}{Complex Conjugate}{chapter.12}% 34
\BOOKMARK [1][-]{section.12.6}{Operations as Transformations}{chapter.12}% 35
\BOOKMARK [1][-]{section.12.7}{Complex Analysis Definitions}{chapter.12}% 36
\BOOKMARK [0][-]{chapter.13}{Analytic Functions}{part.4}% 37
\BOOKMARK [1][-]{section.13.1}{Functions as mappings}{chapter.13}% 38
\BOOKMARK [1][-]{section.13.2}{Limits}{chapter.13}% 39
\BOOKMARK [2][-]{subsection.13.2.1}{Limit Theorems}{section.13.2}% 40
\BOOKMARK [2][-]{subsection.13.2.2}{Limits of Points at Infinity}{section.13.2}% 41
\BOOKMARK [1][-]{section.13.3}{Continuity}{chapter.13}% 42
\BOOKMARK [2][-]{subsection.13.3.1}{Exercises}{section.13.3}% 43
\BOOKMARK [1][-]{section.13.4}{Differentiation}{chapter.13}% 44
\BOOKMARK [2][-]{subsection.13.4.1}{Differentiation Rules}{section.13.4}% 45
\BOOKMARK [2][-]{subsection.13.4.2}{Exercises}{section.13.4}% 46
\BOOKMARK [1][-]{section.13.5}{Cauchy-Riemann Equations}{chapter.13}% 47
\BOOKMARK [2][-]{subsection.13.5.1}{Complex Form of the Cauchy-Riemann Equations}{section.13.5}% 48
\BOOKMARK [2][-]{subsection.13.5.2}{Conditions for Differentiability}{section.13.5}% 49
\BOOKMARK [1][-]{section.13.6}{Analytic Functions}{chapter.13}% 50
\BOOKMARK [2][-]{subsection.13.6.1}{Examples}{section.13.6}% 51
\BOOKMARK [1][-]{section.13.7}{Harmonic Functions}{chapter.13}% 52
\BOOKMARK [1][-]{section.13.8}{Uniquely Determined Analytic Functions}{chapter.13}% 53
\BOOKMARK [2][-]{subsection.13.8.1}{Reflection Principle}{section.13.8}% 54
\BOOKMARK [2][-]{subsection.13.8.2}{Examples}{section.13.8}% 55
\BOOKMARK [0][-]{chapter.14}{Elementary Functions}{part.4}% 56
\BOOKMARK [1][-]{section.14.1}{Exponential Function}{chapter.14}% 57
\BOOKMARK [1][-]{section.14.2}{Logarithmic Function}{chapter.14}% 58
\BOOKMARK [2][-]{subsection.14.2.1}{Branches and Derivatives of Logarithms}{section.14.2}% 59
\BOOKMARK [2][-]{subsection.14.2.2}{Identities of Logarithms}{section.14.2}% 60
\BOOKMARK [2][-]{subsection.14.2.3}{Power Function}{section.14.2}% 61
\BOOKMARK [1][-]{section.14.3}{Trigonometric Functions}{chapter.14}% 62
\BO